python: can't open file 'copylog.py': [Errno 2] No such file or directory
127.0.0.1 - - [23/Jul/2017 00:55:13] "GET / HTTP/1.1" 200 -
127.0.0.1 - - [23/Jul/2017 00:55:17] "GET /log.html HTTP/1.1" 200 -
Serving HTTP on 0.0.0.0 port 80 ...
Traceback (most recent call last):
  File "/usr/lib/python2.7/runpy.py", line 174, in _run_module_as_main
    "__main__", fname, loader, pkg_name)
  File "/usr/lib/python2.7/runpy.py", line 72, in _run_code
    exec code in run_globals
  File "/usr/lib/python2.7/SimpleHTTPServer.py", line 235, in <module>
    test()
  File "/usr/lib/python2.7/SimpleHTTPServer.py", line 231, in test
    BaseHTTPServer.test(HandlerClass, ServerClass)
  File "/usr/lib/python2.7/BaseHTTPServer.py", line 610, in test
    httpd.serve_forever()
  File "/usr/lib/python2.7/SocketServer.py", line 231, in serve_forever
    poll_interval)
  File "/usr/lib/python2.7/SocketServer.py", line 150, in _eintr_retry
    return func(*args)
KeyboardInterrupt
